<?xml version="1.0" encoding="UTF-8"?>
<testsuite name="registro Usuario y compra de un producto" tests="1" skipped="0" failures="0" errors="0" timestamp="2023-05-02T17:09:25" hostname="SQABOG-TGP4980" time="13.662">
  <properties/>
  <testcase name="Registro Usuario Exitoso" classname="registro Usuario y compra de un producto" time="13.662"/>
  <system-out><![CDATA[[ario.mull, frances.prosacco@yahoo.com, g2VB46kjW1O, g2VB46kjW1O]
[ario.mull, frances.prosacco@yahoo.com, g2VB46kjW1O, g2VB46kjW1O]
[ario.mull, frances.prosacco@yahoo.com, g2VB46kjW1O, g2VB46kjW1O]
[ario.mull, frances.prosacco@yahoo.com, g2VB46kjW1O, g2VB46kjW1O]
]]></system-out>
  <system-err><![CDATA[may 02, 2023 12:09:26 PM org.openqa.selenium.remote.DesiredCapabilities chrome
INFORMACIÓN: Using `new ChromeOptions()` is preferred to `DesiredCapabilities.chrome()`
[Test worker] INFO net.serenitybdd.core.webdriver.driverproviders.ProvideNewDriver - Instantiating driver
[Test worker] INFO net.serenitybdd.core.webdriver.driverproviders.ProvideNewDriver - Driver capabilities: Capabilities {acceptInsecureCerts: false, browserName: chrome, chrome.switches: --disable-popup-blocking,--..., goog:chromeOptions: {args: [--disable-popup-blocking, --disable-download-notifica..., --start-maximized, --test-type,ignore-certific..., --allow-running-insecure-co..., --disable-translate, --always-authorize-plugins, --disable-extensions, --disable-dev-shm-usage], extensions: []}, loggingPrefs: org.openqa.selenium.logging..., platform: ANY, unexpectedAlertBehavior: ignore, version: }
Starting ChromeDriver 111.0.5563.64 (c710e93d5b63b7095afe8c2c17df34408078439d-refs/branch-heads/5563@{#995}) on port 19687
Only local connections are allowed.
Please see https://chromedriver.chromium.org/security-considerations for suggestions on keeping ChromeDriver safe.
ChromeDriver was started successfully.
[1683047369.458][WARNING]: This version of ChromeDriver has not been tested with Chrome version 112.
may 02, 2023 12:09:29 PM org.openqa.selenium.remote.ProtocolHandshake createSession
INFORMACIÓN: Detected dialect: W3C
[Test worker] INFO net.thucydides.core.steps.ConsoleLoggingListener - 
        __    _____ _____ ____ _____   ____   _    ____  ____  _____ ____  
  _     \ \  |_   _| ____/ ___|_   _| |  _ \ / \  / ___|/ ___|| ____|  _ \ 
 (_)_____| |   | | |  _| \___ \ | |   | |_) / _ \ \___ \\___ \|  _| | | | |
  _|_____| |   | | | |___ ___) || |   |  __/ ___ \ ___) |___) | |___| |_| |
 (_)     | |   |_| |_____|____/ |_|   |_| /_/   \_\____/|____/|_____|____/ 
        /_/                                                                

TEST PASSED: Registro Usuario Exitoso
----------------------------------------------------------------------------
]]></system-err>
</testsuite>
